<?xml version="1.0" encoding="UTF-8"?>
<!-- Generated by org.testng.reporters.JUnitReportReporter -->
<testsuite hostname="Jayawork" failures="0" tests="2" name="testCases.TC001_AccountRegistrationTest" time="4.787" errors="0" timestamp="2025-02-11T22:29:15 CST" skipped="0">
  <testcase classname="testCases.TC001_AccountRegistrationTest" name="verify_account_registration" time="2.400"/>
  <testcase classname="testCases.TC001_AccountRegistrationTest" name="verify_account_registration" time="2.387"/>
</testsuite> <!-- testCases.TC001_AccountRegistrationTest -->
