<?xml version="1.0" encoding="UTF-8"?>
<!-- Generated by org.testng.reporters.JUnitReportReporter -->
<testsuite hostname="Jayawork" failures="0" tests="6" name="testCases.TC003_LoginDDT" time="51.972" errors="0" timestamp="2025-02-08T21:19:01 CST" skipped="0">
  <testcase classname="testCases.TC003_LoginDDT" name="verify_loginDDT" time="11.374"/>
  <testcase classname="testCases.TC003_LoginDDT" name="verify_loginDDT" time="11.819"/>
  <testcase classname="testCases.TC003_LoginDDT" name="verify_loginDDT" time="11.333"/>
  <testcase classname="testCases.TC003_LoginDDT" name="verify_loginDDT" time="2.854"/>
  <testcase classname="testCases.TC003_LoginDDT" name="verify_loginDDT" time="2.896"/>
  <testcase classname="testCases.TC003_LoginDDT" name="verify_loginDDT" time="11.696"/>
</testsuite> <!-- testCases.TC003_LoginDDT -->
