<?xml version="1.0" encoding="UTF-8"?>
<!-- Generated by org.testng.reporters.JUnitReportReporter -->
<testsuite hostname="Jayawork" failures="0" tests="2" name="testCases.TC002_LoginTest" time="4.794" errors="0" timestamp="2025-02-11T22:29:15 CST" skipped="0">
  <testcase classname="testCases.TC002_LoginTest" name="verify_login" time="2.469"/>
  <testcase classname="testCases.TC002_LoginTest" name="verify_login" time="2.325"/>
</testsuite> <!-- testCases.TC002_LoginTest -->
