<?xml version="1.0" encoding="UTF-8"?>
<!-- Generated by org.testng.reporters.JUnitReportReporter -->
<testsuite hostname="Jayawork" failures="0" tests="2" name="testCases.TC002_LoginTest" time="5.405" errors="0" timestamp="2025-02-12T20:10:17 CST" skipped="0">
  <testcase classname="testCases.TC002_LoginTest" name="verify_login" time="2.658"/>
  <testcase classname="testCases.TC002_LoginTest" name="verify_login" time="2.747"/>
</testsuite> <!-- testCases.TC002_LoginTest -->
